[2025-04-23 05:08:15] production.ERROR: SQLSTATE[HY000] [1045] Access denied for user ''@'localhost' (using password: NO) (SQL: select * from `sections`) {"exception":"[object] (Illuminate\\Database\\QueryException(code: 1045): SQLSTATE[HY000] [1045] Access denied for user ''@'localhost' (using password: NO) (SQL: select * from `sections`) at C:\\Users\\nayee\\OneDrive\\Desktop\\project\\lms-camp\\vendor\\laravel\\framework\\src\\Illuminate\\Database\\Connection.php:760)
[stacktrace]
#0 C:\\Users\\nayee\\OneDrive\\Desktop\\project\\lms-camp\\vendor\\laravel\\framework\\src\\Illuminate\\Database\\Connection.php(720): Illuminate\\Database\\Connection->runQueryCallback('select * from `...', Array, Object(Closure))
#1 C:\\Users\\nayee\\OneDrive\\Desktop\\project\\lms-camp\\vendor\\laravel\\framework\\src\\Illuminate\\Database\\Connection.php(405): Illuminate\\Database\\Connection->run('select * from `...', Array, Object(Closure))
#2 C:\\Users\\nayee\\OneDrive\\Desktop\\project\\lms-camp\\vendor\\laravel\\framework\\src\\Illuminate\\Database\\Query\\Builder.php(2705): Illuminate\\Database\\Connection->select('select * from `...', Array, true)
#3 C:\\Users\\nayee\\OneDrive\\Desktop\\project\\lms-camp\\vendor\\laravel\\framework\\src\\Illuminate\\Database\\Query\\Builder.php(2694): Illuminate\\Database\\Query\\Builder->runSelect()
#4 C:\\Users\\nayee\\OneDrive\\Desktop\\project\\lms-camp\\vendor\\laravel\\framework\\src\\Illuminate\\Database\\Query\\Builder.php(3230): Illuminate\\Database\\Query\\Builder->Illuminate\\Database\\Query\\{closure}()
#5 C:\\Users\\nayee\\OneDrive\\Desktop\\project\\lms-camp\\vendor\\laravel\\framework\\src\\Illuminate\\Database\\Query\\Builder.php(2693): Illuminate\\Database\\Query\\Builder->onceWithColumns(Array, Object(Closure))
#6 C:\\Users\\nayee\\OneDrive\\Desktop\\project\\lms-camp\\vendor\\laravel\\framework\\src\\Illuminate\\Database\\Eloquent\\Builder.php(710): Illuminate\\Database\\Query\\Builder->get(Array)
#7 C:\\Users\\nayee\\OneDrive\\Desktop\\project\\lms-camp\\vendor\\laravel\\framework\\src\\Illuminate\\Database\\Eloquent\\Builder.php(694): Illuminate\\Database\\Eloquent\\Builder->getModels(Array)
#8 C:\\Users\\nayee\\OneDrive\\Desktop\\project\\lms-camp\\vendor\\laravel\\framework\\src\\Illuminate\\Database\\Eloquent\\Model.php(673): Illuminate\\Database\\Eloquent\\Builder->get(Array)
#9 C:\\Users\\nayee\\OneDrive\\Desktop\\project\\lms-camp\\app\\Providers\\AuthServiceProvider.php(42): Illuminate\\Database\\Eloquent\\Model::all()
#10 C:\\Users\\nayee\\OneDrive\\Desktop\\project\\lms-camp\\vendor\\laravel\\framework\\src\\Illuminate\\Cache\\Repository.php(397): App\\Providers\\AuthServiceProvider->App\\Providers\\{closure}()
#11 C:\\Users\\nayee\\OneDrive\\Desktop\\project\\lms-camp\\vendor\\laravel\\framework\\src\\Illuminate\\Cache\\CacheManager.php(408): Illuminate\\Cache\\Repository->remember('sections', 3600, Object(Closure))
#12 C:\\Users\\nayee\\OneDrive\\Desktop\\project\\lms-camp\\vendor\\laravel\\framework\\src\\Illuminate\\Support\\Facades\\Facade.php(338): Illuminate\\Cache\\CacheManager->__call('remember', Array)
#13 C:\\Users\\nayee\\OneDrive\\Desktop\\project\\lms-camp\\app\\Providers\\AuthServiceProvider.php(41): Illuminate\\Support\\Facades\\Facade::__callStatic('remember', Array)
#14 C:\\Users\\nayee\\OneDrive\\Desktop\\project\\lms-camp\\vendor\\laravel\\framework\\src\\Illuminate\\Container\\BoundMethod.php(36): App\\Providers\\AuthServiceProvider->boot()
#15 C:\\Users\\nayee\\OneDrive\\Desktop\\project\\lms-camp\\vendor\\laravel\\framework\\src\\Illuminate\\Container\\Util.php(41): Illuminate\\Container\\BoundMethod::Illuminate\\Container\\{closure}()
#16 C:\\Users\\nayee\\OneDrive\\Desktop\\project\\lms-camp\\vendor\\laravel\\framework\\src\\Illuminate\\Container\\BoundMethod.php(93): Illuminate\\Container\\Util::unwrapIfClosure(Object(Closure))
#17 C:\\Users\\nayee\\OneDrive\\Desktop\\project\\lms-camp\\vendor\\laravel\\framework\\src\\Illuminate\\Container\\BoundMethod.php(35): Illuminate\\Container\\BoundMethod::callBoundMethod(Object(Illuminate\\Foundation\\Application), Array, Object(Closure))
#18 C:\\Users\\nayee\\OneDrive\\Desktop\\project\\lms-camp\\vendor\\laravel\\framework\\src\\Illuminate\\Container\\Container.php(661): Illuminate\\Container\\BoundMethod::call(Object(Illuminate\\Foundation\\Application), Array, Array, NULL)
#19 C:\\Users\\nayee\\OneDrive\\Desktop\\project\\lms-camp\\vendor\\laravel\\framework\\src\\Illuminate\\Foundation\\Application.php(931): Illuminate\\Container\\Container->call(Array)
#20 C:\\Users\\nayee\\OneDrive\\Desktop\\project\\lms-camp\\vendor\\laravel\\framework\\src\\Illuminate\\Foundation\\Application.php(912): Illuminate\\Foundation\\Application->bootProvider(Object(App\\Providers\\AuthServiceProvider))
#21 [internal function]: Illuminate\\Foundation\\Application->Illuminate\\Foundation\\{closure}(Object(App\\Providers\\AuthServiceProvider), 65)
#22 C:\\Users\\nayee\\OneDrive\\Desktop\\project\\lms-camp\\vendor\\laravel\\framework\\src\\Illuminate\\Foundation\\Application.php(911): array_walk(Array, Object(Closure))
#23 C:\\Users\\nayee\\OneDrive\\Desktop\\project\\lms-camp\\vendor\\laravel\\framework\\src\\Illuminate\\Foundation\\Bootstrap\\BootProviders.php(17): Illuminate\\Foundation\\Application->boot()
#24 C:\\Users\\nayee\\OneDrive\\Desktop\\project\\lms-camp\\vendor\\laravel\\framework\\src\\Illuminate\\Foundation\\Application.php(242): Illuminate\\Foundation\\Bootstrap\\BootProviders->bootstrap(Object(Illuminate\\Foundation\\Application))
#25 C:\\Users\\nayee\\OneDrive\\Desktop\\project\\lms-camp\\vendor\\laravel\\framework\\src\\Illuminate\\Foundation\\Http\\Kernel.php(176): Illuminate\\Foundation\\Application->bootstrapWith(Array)
#26 C:\\Users\\nayee\\OneDrive\\Desktop\\project\\lms-camp\\vendor\\laravel\\framework\\src\\Illuminate\\Foundation\\Http\\Kernel.php(160): Illuminate\\Foundation\\Http\\Kernel->bootstrap()
#27 C:\\Users\\nayee\\OneDrive\\Desktop\\project\\lms-camp\\vendor\\laravel\\framework\\src\\Illuminate\\Foundation\\Http\\Kernel.php(134): Illuminate\\Foundation\\Http\\Kernel->sendRequestThroughRouter(Object(Illuminate\\Http\\Request))
#28 C:\\Users\\nayee\\OneDrive\\Desktop\\project\\lms-camp\\public\\index.php(51): Illuminate\\Foundation\\Http\\Kernel->handle(Object(Illuminate\\Http\\Request))
#29 C:\\Program Files\\Herd\\resources\\app.asar.unpacked\\resources\\valet\\server.php(139): require('C:\\\\Users\\\\nayee\\\\...')
#30 {main}

[previous exception] [object] (PDOException(code: 1045): SQLSTATE[HY000] [1045] Access denied for user ''@'localhost' (using password: NO) at C:\\Users\\nayee\\OneDrive\\Desktop\\project\\lms-camp\\vendor\\laravel\\framework\\src\\Illuminate\\Database\\Connectors\\Connector.php:70)
[stacktrace]
#0 C:\\Users\\nayee\\OneDrive\\Desktop\\project\\lms-camp\\vendor\\laravel\\framework\\src\\Illuminate\\Database\\Connectors\\Connector.php(70): PDO->__construct('mysql:host=loca...', '', Object(SensitiveParameterValue), Array)
#1 C:\\Users\\nayee\\OneDrive\\Desktop\\project\\lms-camp\\vendor\\laravel\\framework\\src\\Illuminate\\Database\\Connectors\\Connector.php(45): Illuminate\\Database\\Connectors\\Connector->createPdoConnection('mysql:host=loca...', '', '', Array)
#2 C:\\Users\\nayee\\OneDrive\\Desktop\\project\\lms-camp\\vendor\\laravel\\framework\\src\\Illuminate\\Database\\Connectors\\MySqlConnector.php(24): Illuminate\\Database\\Connectors\\Connector->createConnection('mysql:host=loca...', Array, Array)
#3 C:\\Users\\nayee\\OneDrive\\Desktop\\project\\lms-camp\\vendor\\laravel\\framework\\src\\Illuminate\\Database\\Connectors\\ConnectionFactory.php(184): Illuminate\\Database\\Connectors\\MySqlConnector->connect(Array)
#4 [internal function]: Illuminate\\Database\\Connectors\\ConnectionFactory->Illuminate\\Database\\Connectors\\{closure}()
#5 C:\\Users\\nayee\\OneDrive\\Desktop\\project\\lms-camp\\vendor\\laravel\\framework\\src\\Illuminate\\Database\\Connection.php(1181): call_user_func(Object(Closure))
#6 C:\\Users\\nayee\\OneDrive\\Desktop\\project\\lms-camp\\vendor\\laravel\\framework\\src\\Illuminate\\Database\\Connection.php(1217): Illuminate\\Database\\Connection->getPdo()
#7 C:\\Users\\nayee\\OneDrive\\Desktop\\project\\lms-camp\\vendor\\laravel\\framework\\src\\Illuminate\\Database\\Connection.php(486): Illuminate\\Database\\Connection->getReadPdo()
#8 C:\\Users\\nayee\\OneDrive\\Desktop\\project\\lms-camp\\vendor\\laravel\\framework\\src\\Illuminate\\Database\\Connection.php(414): Illuminate\\Database\\Connection->getPdoForSelect(true)
#9 C:\\Users\\nayee\\OneDrive\\Desktop\\project\\lms-camp\\vendor\\laravel\\framework\\src\\Illuminate\\Database\\Connection.php(753): Illuminate\\Database\\Connection->Illuminate\\Database\\{closure}('select * from `...', Array)
#10 C:\\Users\\nayee\\OneDrive\\Desktop\\project\\lms-camp\\vendor\\laravel\\framework\\src\\Illuminate\\Database\\Connection.php(720): Illuminate\\Database\\Connection->runQueryCallback('select * from `...', Array, Object(Closure))
#11 C:\\Users\\nayee\\OneDrive\\Desktop\\project\\lms-camp\\vendor\\laravel\\framework\\src\\Illuminate\\Database\\Connection.php(405): Illuminate\\Database\\Connection->run('select * from `...', Array, Object(Closure))
#12 C:\\Users\\nayee\\OneDrive\\Desktop\\project\\lms-camp\\vendor\\laravel\\framework\\src\\Illuminate\\Database\\Query\\Builder.php(2705): Illuminate\\Database\\Connection->select('select * from `...', Array, true)
#13 C:\\Users\\nayee\\OneDrive\\Desktop\\project\\lms-camp\\vendor\\laravel\\framework\\src\\Illuminate\\Database\\Query\\Builder.php(2694): Illuminate\\Database\\Query\\Builder->runSelect()
#14 C:\\Users\\nayee\\OneDrive\\Desktop\\project\\lms-camp\\vendor\\laravel\\framework\\src\\Illuminate\\Database\\Query\\Builder.php(3230): Illuminate\\Database\\Query\\Builder->Illuminate\\Database\\Query\\{closure}()
#15 C:\\Users\\nayee\\OneDrive\\Desktop\\project\\lms-camp\\vendor\\laravel\\framework\\src\\Illuminate\\Database\\Query\\Builder.php(2693): Illuminate\\Database\\Query\\Builder->onceWithColumns(Array, Object(Closure))
#16 C:\\Users\\nayee\\OneDrive\\Desktop\\project\\lms-camp\\vendor\\laravel\\framework\\src\\Illuminate\\Database\\Eloquent\\Builder.php(710): Illuminate\\Database\\Query\\Builder->get(Array)
#17 C:\\Users\\nayee\\OneDrive\\Desktop\\project\\lms-camp\\vendor\\laravel\\framework\\src\\Illuminate\\Database\\Eloquent\\Builder.php(694): Illuminate\\Database\\Eloquent\\Builder->getModels(Array)
#18 C:\\Users\\nayee\\OneDrive\\Desktop\\project\\lms-camp\\vendor\\laravel\\framework\\src\\Illuminate\\Database\\Eloquent\\Model.php(673): Illuminate\\Database\\Eloquent\\Builder->get(Array)
#19 C:\\Users\\nayee\\OneDrive\\Desktop\\project\\lms-camp\\app\\Providers\\AuthServiceProvider.php(42): Illuminate\\Database\\Eloquent\\Model::all()
#20 C:\\Users\\nayee\\OneDrive\\Desktop\\project\\lms-camp\\vendor\\laravel\\framework\\src\\Illuminate\\Cache\\Repository.php(397): App\\Providers\\AuthServiceProvider->App\\Providers\\{closure}()
#21 C:\\Users\\nayee\\OneDrive\\Desktop\\project\\lms-camp\\vendor\\laravel\\framework\\src\\Illuminate\\Cache\\CacheManager.php(408): Illuminate\\Cache\\Repository->remember('sections', 3600, Object(Closure))
#22 C:\\Users\\nayee\\OneDrive\\Desktop\\project\\lms-camp\\vendor\\laravel\\framework\\src\\Illuminate\\Support\\Facades\\Facade.php(338): Illuminate\\Cache\\CacheManager->__call('remember', Array)
#23 C:\\Users\\nayee\\OneDrive\\Desktop\\project\\lms-camp\\app\\Providers\\AuthServiceProvider.php(41): Illuminate\\Support\\Facades\\Facade::__callStatic('remember', Array)
#24 C:\\Users\\nayee\\OneDrive\\Desktop\\project\\lms-camp\\vendor\\laravel\\framework\\src\\Illuminate\\Container\\BoundMethod.php(36): App\\Providers\\AuthServiceProvider->boot()
#25 C:\\Users\\nayee\\OneDrive\\Desktop\\project\\lms-camp\\vendor\\laravel\\framework\\src\\Illuminate\\Container\\Util.php(41): Illuminate\\Container\\BoundMethod::Illuminate\\Container\\{closure}()
#26 C:\\Users\\nayee\\OneDrive\\Desktop\\project\\lms-camp\\vendor\\laravel\\framework\\src\\Illuminate\\Container\\BoundMethod.php(93): Illuminate\\Container\\Util::unwrapIfClosure(Object(Closure))
#27 C:\\Users\\nayee\\OneDrive\\Desktop\\project\\lms-camp\\vendor\\laravel\\framework\\src\\Illuminate\\Container\\BoundMethod.php(35): Illuminate\\Container\\BoundMethod::callBoundMethod(Object(Illuminate\\Foundation\\Application), Array, Object(Closure))
#28 C:\\Users\\nayee\\OneDrive\\Desktop\\project\\lms-camp\\vendor\\laravel\\framework\\src\\Illuminate\\Container\\Container.php(661): Illuminate\\Container\\BoundMethod::call(Object(Illuminate\\Foundation\\Application), Array, Array, NULL)
#29 C:\\Users\\nayee\\OneDrive\\Desktop\\project\\lms-camp\\vendor\\laravel\\framework\\src\\Illuminate\\Foundation\\Application.php(931): Illuminate\\Container\\Container->call(Array)
#30 C:\\Users\\nayee\\OneDrive\\Desktop\\project\\lms-camp\\vendor\\laravel\\framework\\src\\Illuminate\\Foundation\\Application.php(912): Illuminate\\Foundation\\Application->bootProvider(Object(App\\Providers\\AuthServiceProvider))
#31 [internal function]: Illuminate\\Foundation\\Application->Illuminate\\Foundation\\{closure}(Object(App\\Providers\\AuthServiceProvider), 65)
#32 C:\\Users\\nayee\\OneDrive\\Desktop\\project\\lms-camp\\vendor\\laravel\\framework\\src\\Illuminate\\Foundation\\Application.php(911): array_walk(Array, Object(Closure))
#33 C:\\Users\\nayee\\OneDrive\\Desktop\\project\\lms-camp\\vendor\\laravel\\framework\\src\\Illuminate\\Foundation\\Bootstrap\\BootProviders.php(17): Illuminate\\Foundation\\Application->boot()
#34 C:\\Users\\nayee\\OneDrive\\Desktop\\project\\lms-camp\\vendor\\laravel\\framework\\src\\Illuminate\\Foundation\\Application.php(242): Illuminate\\Foundation\\Bootstrap\\BootProviders->bootstrap(Object(Illuminate\\Foundation\\Application))
#35 C:\\Users\\nayee\\OneDrive\\Desktop\\project\\lms-camp\\vendor\\laravel\\framework\\src\\Illuminate\\Foundation\\Http\\Kernel.php(176): Illuminate\\Foundation\\Application->bootstrapWith(Array)
#36 C:\\Users\\nayee\\OneDrive\\Desktop\\project\\lms-camp\\vendor\\laravel\\framework\\src\\Illuminate\\Foundation\\Http\\Kernel.php(160): Illuminate\\Foundation\\Http\\Kernel->bootstrap()
#37 C:\\Users\\nayee\\OneDrive\\Desktop\\project\\lms-camp\\vendor\\laravel\\framework\\src\\Illuminate\\Foundation\\Http\\Kernel.php(134): Illuminate\\Foundation\\Http\\Kernel->sendRequestThroughRouter(Object(Illuminate\\Http\\Request))
#38 C:\\Users\\nayee\\OneDrive\\Desktop\\project\\lms-camp\\public\\index.php(51): Illuminate\\Foundation\\Http\\Kernel->handle(Object(Illuminate\\Http\\Request))
#39 C:\\Program Files\\Herd\\resources\\app.asar.unpacked\\resources\\valet\\server.php(139): require('C:\\\\Users\\\\nayee\\\\...')
#40 {main}
"} 
[2025-04-23 05:08:20] production.ERROR: SQLSTATE[HY000] [1045] Access denied for user ''@'localhost' (using password: NO) (SQL: select * from `sections`) {"exception":"[object] (Illuminate\\Database\\QueryException(code: 1045): SQLSTATE[HY000] [1045] Access denied for user ''@'localhost' (using password: NO) (SQL: select * from `sections`) at C:\\Users\\nayee\\OneDrive\\Desktop\\project\\lms-camp\\vendor\\laravel\\framework\\src\\Illuminate\\Database\\Connection.php:760)
[stacktrace]
#0 C:\\Users\\nayee\\OneDrive\\Desktop\\project\\lms-camp\\vendor\\laravel\\framework\\src\\Illuminate\\Database\\Connection.php(720): Illuminate\\Database\\Connection->runQueryCallback('select * from `...', Array, Object(Closure))
#1 C:\\Users\\nayee\\OneDrive\\Desktop\\project\\lms-camp\\vendor\\laravel\\framework\\src\\Illuminate\\Database\\Connection.php(405): Illuminate\\Database\\Connection->run('select * from `...', Array, Object(Closure))
#2 C:\\Users\\nayee\\OneDrive\\Desktop\\project\\lms-camp\\vendor\\laravel\\framework\\src\\Illuminate\\Database\\Query\\Builder.php(2705): Illuminate\\Database\\Connection->select('select * from `...', Array, true)
#3 C:\\Users\\nayee\\OneDrive\\Desktop\\project\\lms-camp\\vendor\\laravel\\framework\\src\\Illuminate\\Database\\Query\\Builder.php(2694): Illuminate\\Database\\Query\\Builder->runSelect()
#4 C:\\Users\\nayee\\OneDrive\\Desktop\\project\\lms-camp\\vendor\\laravel\\framework\\src\\Illuminate\\Database\\Query\\Builder.php(3230): Illuminate\\Database\\Query\\Builder->Illuminate\\Database\\Query\\{closure}()
#5 C:\\Users\\nayee\\OneDrive\\Desktop\\project\\lms-camp\\vendor\\laravel\\framework\\src\\Illuminate\\Database\\Query\\Builder.php(2693): Illuminate\\Database\\Query\\Builder->onceWithColumns(Array, Object(Closure))
#6 C:\\Users\\nayee\\OneDrive\\Desktop\\project\\lms-camp\\vendor\\laravel\\framework\\src\\Illuminate\\Database\\Eloquent\\Builder.php(710): Illuminate\\Database\\Query\\Builder->get(Array)
#7 C:\\Users\\nayee\\OneDrive\\Desktop\\project\\lms-camp\\vendor\\laravel\\framework\\src\\Illuminate\\Database\\Eloquent\\Builder.php(694): Illuminate\\Database\\Eloquent\\Builder->getModels(Array)
#8 C:\\Users\\nayee\\OneDrive\\Desktop\\project\\lms-camp\\vendor\\laravel\\framework\\src\\Illuminate\\Database\\Eloquent\\Model.php(673): Illuminate\\Database\\Eloquent\\Builder->get(Array)
#9 C:\\Users\\nayee\\OneDrive\\Desktop\\project\\lms-camp\\app\\Providers\\AuthServiceProvider.php(42): Illuminate\\Database\\Eloquent\\Model::all()
#10 C:\\Users\\nayee\\OneDrive\\Desktop\\project\\lms-camp\\vendor\\laravel\\framework\\src\\Illuminate\\Cache\\Repository.php(397): App\\Providers\\AuthServiceProvider->App\\Providers\\{closure}()
#11 C:\\Users\\nayee\\OneDrive\\Desktop\\project\\lms-camp\\vendor\\laravel\\framework\\src\\Illuminate\\Cache\\CacheManager.php(408): Illuminate\\Cache\\Repository->remember('sections', 3600, Object(Closure))
#12 C:\\Users\\nayee\\OneDrive\\Desktop\\project\\lms-camp\\vendor\\laravel\\framework\\src\\Illuminate\\Support\\Facades\\Facade.php(338): Illuminate\\Cache\\CacheManager->__call('remember', Array)
#13 C:\\Users\\nayee\\OneDrive\\Desktop\\project\\lms-camp\\app\\Providers\\AuthServiceProvider.php(41): Illuminate\\Support\\Facades\\Facade::__callStatic('remember', Array)
#14 C:\\Users\\nayee\\OneDrive\\Desktop\\project\\lms-camp\\vendor\\laravel\\framework\\src\\Illuminate\\Container\\BoundMethod.php(36): App\\Providers\\AuthServiceProvider->boot()
#15 C:\\Users\\nayee\\OneDrive\\Desktop\\project\\lms-camp\\vendor\\laravel\\framework\\src\\Illuminate\\Container\\Util.php(41): Illuminate\\Container\\BoundMethod::Illuminate\\Container\\{closure}()
#16 C:\\Users\\nayee\\OneDrive\\Desktop\\project\\lms-camp\\vendor\\laravel\\framework\\src\\Illuminate\\Container\\BoundMethod.php(93): Illuminate\\Container\\Util::unwrapIfClosure(Object(Closure))
#17 C:\\Users\\nayee\\OneDrive\\Desktop\\project\\lms-camp\\vendor\\laravel\\framework\\src\\Illuminate\\Container\\BoundMethod.php(35): Illuminate\\Container\\BoundMethod::callBoundMethod(Object(Illuminate\\Foundation\\Application), Array, Object(Closure))
#18 C:\\Users\\nayee\\OneDrive\\Desktop\\project\\lms-camp\\vendor\\laravel\\framework\\src\\Illuminate\\Container\\Container.php(661): Illuminate\\Container\\BoundMethod::call(Object(Illuminate\\Foundation\\Application), Array, Array, NULL)
#19 C:\\Users\\nayee\\OneDrive\\Desktop\\project\\lms-camp\\vendor\\laravel\\framework\\src\\Illuminate\\Foundation\\Application.php(931): Illuminate\\Container\\Container->call(Array)
#20 C:\\Users\\nayee\\OneDrive\\Desktop\\project\\lms-camp\\vendor\\laravel\\framework\\src\\Illuminate\\Foundation\\Application.php(912): Illuminate\\Foundation\\Application->bootProvider(Object(App\\Providers\\AuthServiceProvider))
#21 [internal function]: Illuminate\\Foundation\\Application->Illuminate\\Foundation\\{closure}(Object(App\\Providers\\AuthServiceProvider), 65)
#22 C:\\Users\\nayee\\OneDrive\\Desktop\\project\\lms-camp\\vendor\\laravel\\framework\\src\\Illuminate\\Foundation\\Application.php(911): array_walk(Array, Object(Closure))
#23 C:\\Users\\nayee\\OneDrive\\Desktop\\project\\lms-camp\\vendor\\laravel\\framework\\src\\Illuminate\\Foundation\\Bootstrap\\BootProviders.php(17): Illuminate\\Foundation\\Application->boot()
#24 C:\\Users\\nayee\\OneDrive\\Desktop\\project\\lms-camp\\vendor\\laravel\\framework\\src\\Illuminate\\Foundation\\Application.php(242): Illuminate\\Foundation\\Bootstrap\\BootProviders->bootstrap(Object(Illuminate\\Foundation\\Application))
#25 C:\\Users\\nayee\\OneDrive\\Desktop\\project\\lms-camp\\vendor\\laravel\\framework\\src\\Illuminate\\Foundation\\Http\\Kernel.php(176): Illuminate\\Foundation\\Application->bootstrapWith(Array)
#26 C:\\Users\\nayee\\OneDrive\\Desktop\\project\\lms-camp\\vendor\\laravel\\framework\\src\\Illuminate\\Foundation\\Http\\Kernel.php(160): Illuminate\\Foundation\\Http\\Kernel->bootstrap()
#27 C:\\Users\\nayee\\OneDrive\\Desktop\\project\\lms-camp\\vendor\\laravel\\framework\\src\\Illuminate\\Foundation\\Http\\Kernel.php(134): Illuminate\\Foundation\\Http\\Kernel->sendRequestThroughRouter(Object(Illuminate\\Http\\Request))
#28 C:\\Users\\nayee\\OneDrive\\Desktop\\project\\lms-camp\\public\\index.php(51): Illuminate\\Foundation\\Http\\Kernel->handle(Object(Illuminate\\Http\\Request))
#29 C:\\Program Files\\Herd\\resources\\app.asar.unpacked\\resources\\valet\\server.php(139): require('C:\\\\Users\\\\nayee\\\\...')
#30 {main}

[previous exception] [object] (PDOException(code: 1045): SQLSTATE[HY000] [1045] Access denied for user ''@'localhost' (using password: NO) at C:\\Users\\nayee\\OneDrive\\Desktop\\project\\lms-camp\\vendor\\laravel\\framework\\src\\Illuminate\\Database\\Connectors\\Connector.php:70)
[stacktrace]
#0 C:\\Users\\nayee\\OneDrive\\Desktop\\project\\lms-camp\\vendor\\laravel\\framework\\src\\Illuminate\\Database\\Connectors\\Connector.php(70): PDO->__construct('mysql:host=loca...', '', Object(SensitiveParameterValue), Array)
#1 C:\\Users\\nayee\\OneDrive\\Desktop\\project\\lms-camp\\vendor\\laravel\\framework\\src\\Illuminate\\Database\\Connectors\\Connector.php(45): Illuminate\\Database\\Connectors\\Connector->createPdoConnection('mysql:host=loca...', '', '', Array)
#2 C:\\Users\\nayee\\OneDrive\\Desktop\\project\\lms-camp\\vendor\\laravel\\framework\\src\\Illuminate\\Database\\Connectors\\MySqlConnector.php(24): Illuminate\\Database\\Connectors\\Connector->createConnection('mysql:host=loca...', Array, Array)
#3 C:\\Users\\nayee\\OneDrive\\Desktop\\project\\lms-camp\\vendor\\laravel\\framework\\src\\Illuminate\\Database\\Connectors\\ConnectionFactory.php(184): Illuminate\\Database\\Connectors\\MySqlConnector->connect(Array)
#4 [internal function]: Illuminate\\Database\\Connectors\\ConnectionFactory->Illuminate\\Database\\Connectors\\{closure}()
#5 C:\\Users\\nayee\\OneDrive\\Desktop\\project\\lms-camp\\vendor\\laravel\\framework\\src\\Illuminate\\Database\\Connection.php(1181): call_user_func(Object(Closure))
#6 C:\\Users\\nayee\\OneDrive\\Desktop\\project\\lms-camp\\vendor\\laravel\\framework\\src\\Illuminate\\Database\\Connection.php(1217): Illuminate\\Database\\Connection->getPdo()
#7 C:\\Users\\nayee\\OneDrive\\Desktop\\project\\lms-camp\\vendor\\laravel\\framework\\src\\Illuminate\\Database\\Connection.php(486): Illuminate\\Database\\Connection->getReadPdo()
#8 C:\\Users\\nayee\\OneDrive\\Desktop\\project\\lms-camp\\vendor\\laravel\\framework\\src\\Illuminate\\Database\\Connection.php(414): Illuminate\\Database\\Connection->getPdoForSelect(true)
#9 C:\\Users\\nayee\\OneDrive\\Desktop\\project\\lms-camp\\vendor\\laravel\\framework\\src\\Illuminate\\Database\\Connection.php(753): Illuminate\\Database\\Connection->Illuminate\\Database\\{closure}('select * from `...', Array)
#10 C:\\Users\\nayee\\OneDrive\\Desktop\\project\\lms-camp\\vendor\\laravel\\framework\\src\\Illuminate\\Database\\Connection.php(720): Illuminate\\Database\\Connection->runQueryCallback('select * from `...', Array, Object(Closure))
#11 C:\\Users\\nayee\\OneDrive\\Desktop\\project\\lms-camp\\vendor\\laravel\\framework\\src\\Illuminate\\Database\\Connection.php(405): Illuminate\\Database\\Connection->run('select * from `...', Array, Object(Closure))
#12 C:\\Users\\nayee\\OneDrive\\Desktop\\project\\lms-camp\\vendor\\laravel\\framework\\src\\Illuminate\\Database\\Query\\Builder.php(2705): Illuminate\\Database\\Connection->select('select * from `...', Array, true)
#13 C:\\Users\\nayee\\OneDrive\\Desktop\\project\\lms-camp\\vendor\\laravel\\framework\\src\\Illuminate\\Database\\Query\\Builder.php(2694): Illuminate\\Database\\Query\\Builder->runSelect()
#14 C:\\Users\\nayee\\OneDrive\\Desktop\\project\\lms-camp\\vendor\\laravel\\framework\\src\\Illuminate\\Database\\Query\\Builder.php(3230): Illuminate\\Database\\Query\\Builder->Illuminate\\Database\\Query\\{closure}()
#15 C:\\Users\\nayee\\OneDrive\\Desktop\\project\\lms-camp\\vendor\\laravel\\framework\\src\\Illuminate\\Database\\Query\\Builder.php(2693): Illuminate\\Database\\Query\\Builder->onceWithColumns(Array, Object(Closure))
#16 C:\\Users\\nayee\\OneDrive\\Desktop\\project\\lms-camp\\vendor\\laravel\\framework\\src\\Illuminate\\Database\\Eloquent\\Builder.php(710): Illuminate\\Database\\Query\\Builder->get(Array)
#17 C:\\Users\\nayee\\OneDrive\\Desktop\\project\\lms-camp\\vendor\\laravel\\framework\\src\\Illuminate\\Database\\Eloquent\\Builder.php(694): Illuminate\\Database\\Eloquent\\Builder->getModels(Array)
#18 C:\\Users\\nayee\\OneDrive\\Desktop\\project\\lms-camp\\vendor\\laravel\\framework\\src\\Illuminate\\Database\\Eloquent\\Model.php(673): Illuminate\\Database\\Eloquent\\Builder->get(Array)
#19 C:\\Users\\nayee\\OneDrive\\Desktop\\project\\lms-camp\\app\\Providers\\AuthServiceProvider.php(42): Illuminate\\Database\\Eloquent\\Model::all()
#20 C:\\Users\\nayee\\OneDrive\\Desktop\\project\\lms-camp\\vendor\\laravel\\framework\\src\\Illuminate\\Cache\\Repository.php(397): App\\Providers\\AuthServiceProvider->App\\Providers\\{closure}()
#21 C:\\Users\\nayee\\OneDrive\\Desktop\\project\\lms-camp\\vendor\\laravel\\framework\\src\\Illuminate\\Cache\\CacheManager.php(408): Illuminate\\Cache\\Repository->remember('sections', 3600, Object(Closure))
#22 C:\\Users\\nayee\\OneDrive\\Desktop\\project\\lms-camp\\vendor\\laravel\\framework\\src\\Illuminate\\Support\\Facades\\Facade.php(338): Illuminate\\Cache\\CacheManager->__call('remember', Array)
#23 C:\\Users\\nayee\\OneDrive\\Desktop\\project\\lms-camp\\app\\Providers\\AuthServiceProvider.php(41): Illuminate\\Support\\Facades\\Facade::__callStatic('remember', Array)
#24 C:\\Users\\nayee\\OneDrive\\Desktop\\project\\lms-camp\\vendor\\laravel\\framework\\src\\Illuminate\\Container\\BoundMethod.php(36): App\\Providers\\AuthServiceProvider->boot()
#25 C:\\Users\\nayee\\OneDrive\\Desktop\\project\\lms-camp\\vendor\\laravel\\framework\\src\\Illuminate\\Container\\Util.php(41): Illuminate\\Container\\BoundMethod::Illuminate\\Container\\{closure}()
#26 C:\\Users\\nayee\\OneDrive\\Desktop\\project\\lms-camp\\vendor\\laravel\\framework\\src\\Illuminate\\Container\\BoundMethod.php(93): Illuminate\\Container\\Util::unwrapIfClosure(Object(Closure))
#27 C:\\Users\\nayee\\OneDrive\\Desktop\\project\\lms-camp\\vendor\\laravel\\framework\\src\\Illuminate\\Container\\BoundMethod.php(35): Illuminate\\Container\\BoundMethod::callBoundMethod(Object(Illuminate\\Foundation\\Application), Array, Object(Closure))
#28 C:\\Users\\nayee\\OneDrive\\Desktop\\project\\lms-camp\\vendor\\laravel\\framework\\src\\Illuminate\\Container\\Container.php(661): Illuminate\\Container\\BoundMethod::call(Object(Illuminate\\Foundation\\Application), Array, Array, NULL)
#29 C:\\Users\\nayee\\OneDrive\\Desktop\\project\\lms-camp\\vendor\\laravel\\framework\\src\\Illuminate\\Foundation\\Application.php(931): Illuminate\\Container\\Container->call(Array)
#30 C:\\Users\\nayee\\OneDrive\\Desktop\\project\\lms-camp\\vendor\\laravel\\framework\\src\\Illuminate\\Foundation\\Application.php(912): Illuminate\\Foundation\\Application->bootProvider(Object(App\\Providers\\AuthServiceProvider))
#31 [internal function]: Illuminate\\Foundation\\Application->Illuminate\\Foundation\\{closure}(Object(App\\Providers\\AuthServiceProvider), 65)
#32 C:\\Users\\nayee\\OneDrive\\Desktop\\project\\lms-camp\\vendor\\laravel\\framework\\src\\Illuminate\\Foundation\\Application.php(911): array_walk(Array, Object(Closure))
#33 C:\\Users\\nayee\\OneDrive\\Desktop\\project\\lms-camp\\vendor\\laravel\\framework\\src\\Illuminate\\Foundation\\Bootstrap\\BootProviders.php(17): Illuminate\\Foundation\\Application->boot()
#34 C:\\Users\\nayee\\OneDrive\\Desktop\\project\\lms-camp\\vendor\\laravel\\framework\\src\\Illuminate\\Foundation\\Application.php(242): Illuminate\\Foundation\\Bootstrap\\BootProviders->bootstrap(Object(Illuminate\\Foundation\\Application))
#35 C:\\Users\\nayee\\OneDrive\\Desktop\\project\\lms-camp\\vendor\\laravel\\framework\\src\\Illuminate\\Foundation\\Http\\Kernel.php(176): Illuminate\\Foundation\\Application->bootstrapWith(Array)
#36 C:\\Users\\nayee\\OneDrive\\Desktop\\project\\lms-camp\\vendor\\laravel\\framework\\src\\Illuminate\\Foundation\\Http\\Kernel.php(160): Illuminate\\Foundation\\Http\\Kernel->bootstrap()
#37 C:\\Users\\nayee\\OneDrive\\Desktop\\project\\lms-camp\\vendor\\laravel\\framework\\src\\Illuminate\\Foundation\\Http\\Kernel.php(134): Illuminate\\Foundation\\Http\\Kernel->sendRequestThroughRouter(Object(Illuminate\\Http\\Request))
#38 C:\\Users\\nayee\\OneDrive\\Desktop\\project\\lms-camp\\public\\index.php(51): Illuminate\\Foundation\\Http\\Kernel->handle(Object(Illuminate\\Http\\Request))
#39 C:\\Program Files\\Herd\\resources\\app.asar.unpacked\\resources\\valet\\server.php(139): require('C:\\\\Users\\\\nayee\\\\...')
#40 {main}
"} 
[2025-04-23 05:09:00] production.ERROR: SQLSTATE[3D000]: Invalid catalog name: 1046 No database selected (SQL: select * from `sections`) {"exception":"[object] (Illuminate\\Database\\QueryException(code: 3D000): SQLSTATE[3D000]: Invalid catalog name: 1046 No database selected (SQL: select * from `sections`) at C:\\Users\\nayee\\OneDrive\\Desktop\\project\\lms-camp\\vendor\\laravel\\framework\\src\\Illuminate\\Database\\Connection.php:760)
[stacktrace]
#0 C:\\Users\\nayee\\OneDrive\\Desktop\\project\\lms-camp\\vendor\\laravel\\framework\\src\\Illuminate\\Database\\Connection.php(720): Illuminate\\Database\\Connection->runQueryCallback('select * from `...', Array, Object(Closure))
#1 C:\\Users\\nayee\\OneDrive\\Desktop\\project\\lms-camp\\vendor\\laravel\\framework\\src\\Illuminate\\Database\\Connection.php(405): Illuminate\\Database\\Connection->run('select * from `...', Array, Object(Closure))
#2 C:\\Users\\nayee\\OneDrive\\Desktop\\project\\lms-camp\\vendor\\laravel\\framework\\src\\Illuminate\\Database\\Query\\Builder.php(2705): Illuminate\\Database\\Connection->select('select * from `...', Array, true)
#3 C:\\Users\\nayee\\OneDrive\\Desktop\\project\\lms-camp\\vendor\\laravel\\framework\\src\\Illuminate\\Database\\Query\\Builder.php(2694): Illuminate\\Database\\Query\\Builder->runSelect()
#4 C:\\Users\\nayee\\OneDrive\\Desktop\\project\\lms-camp\\vendor\\laravel\\framework\\src\\Illuminate\\Database\\Query\\Builder.php(3230): Illuminate\\Database\\Query\\Builder->Illuminate\\Database\\Query\\{closure}()
#5 C:\\Users\\nayee\\OneDrive\\Desktop\\project\\lms-camp\\vendor\\laravel\\framework\\src\\Illuminate\\Database\\Query\\Builder.php(2693): Illuminate\\Database\\Query\\Builder->onceWithColumns(Array, Object(Closure))
#6 C:\\Users\\nayee\\OneDrive\\Desktop\\project\\lms-camp\\vendor\\laravel\\framework\\src\\Illuminate\\Database\\Eloquent\\Builder.php(710): Illuminate\\Database\\Query\\Builder->get(Array)
#7 C:\\Users\\nayee\\OneDrive\\Desktop\\project\\lms-camp\\vendor\\laravel\\framework\\src\\Illuminate\\Database\\Eloquent\\Builder.php(694): Illuminate\\Database\\Eloquent\\Builder->getModels(Array)
#8 C:\\Users\\nayee\\OneDrive\\Desktop\\project\\lms-camp\\vendor\\laravel\\framework\\src\\Illuminate\\Database\\Eloquent\\Model.php(673): Illuminate\\Database\\Eloquent\\Builder->get(Array)
#9 C:\\Users\\nayee\\OneDrive\\Desktop\\project\\lms-camp\\app\\Providers\\AuthServiceProvider.php(42): Illuminate\\Database\\Eloquent\\Model::all()
#10 C:\\Users\\nayee\\OneDrive\\Desktop\\project\\lms-camp\\vendor\\laravel\\framework\\src\\Illuminate\\Cache\\Repository.php(397): App\\Providers\\AuthServiceProvider->App\\Providers\\{closure}()
#11 C:\\Users\\nayee\\OneDrive\\Desktop\\project\\lms-camp\\vendor\\laravel\\framework\\src\\Illuminate\\Cache\\CacheManager.php(408): Illuminate\\Cache\\Repository->remember('sections', 3600, Object(Closure))
#12 C:\\Users\\nayee\\OneDrive\\Desktop\\project\\lms-camp\\vendor\\laravel\\framework\\src\\Illuminate\\Support\\Facades\\Facade.php(338): Illuminate\\Cache\\CacheManager->__call('remember', Array)
#13 C:\\Users\\nayee\\OneDrive\\Desktop\\project\\lms-camp\\app\\Providers\\AuthServiceProvider.php(41): Illuminate\\Support\\Facades\\Facade::__callStatic('remember', Array)
#14 C:\\Users\\nayee\\OneDrive\\Desktop\\project\\lms-camp\\vendor\\laravel\\framework\\src\\Illuminate\\Container\\BoundMethod.php(36): App\\Providers\\AuthServiceProvider->boot()
#15 C:\\Users\\nayee\\OneDrive\\Desktop\\project\\lms-camp\\vendor\\laravel\\framework\\src\\Illuminate\\Container\\Util.php(41): Illuminate\\Container\\BoundMethod::Illuminate\\Container\\{closure}()
#16 C:\\Users\\nayee\\OneDrive\\Desktop\\project\\lms-camp\\vendor\\laravel\\framework\\src\\Illuminate\\Container\\BoundMethod.php(93): Illuminate\\Container\\Util::unwrapIfClosure(Object(Closure))
#17 C:\\Users\\nayee\\OneDrive\\Desktop\\project\\lms-camp\\vendor\\laravel\\framework\\src\\Illuminate\\Container\\BoundMethod.php(35): Illuminate\\Container\\BoundMethod::callBoundMethod(Object(Illuminate\\Foundation\\Application), Array, Object(Closure))
#18 C:\\Users\\nayee\\OneDrive\\Desktop\\project\\lms-camp\\vendor\\laravel\\framework\\src\\Illuminate\\Container\\Container.php(661): Illuminate\\Container\\BoundMethod::call(Object(Illuminate\\Foundation\\Application), Array, Array, NULL)
#19 C:\\Users\\nayee\\OneDrive\\Desktop\\project\\lms-camp\\vendor\\laravel\\framework\\src\\Illuminate\\Foundation\\Application.php(931): Illuminate\\Container\\Container->call(Array)
#20 C:\\Users\\nayee\\OneDrive\\Desktop\\project\\lms-camp\\vendor\\laravel\\framework\\src\\Illuminate\\Foundation\\Application.php(912): Illuminate\\Foundation\\Application->bootProvider(Object(App\\Providers\\AuthServiceProvider))
#21 [internal function]: Illuminate\\Foundation\\Application->Illuminate\\Foundation\\{closure}(Object(App\\Providers\\AuthServiceProvider), 65)
#22 C:\\Users\\nayee\\OneDrive\\Desktop\\project\\lms-camp\\vendor\\laravel\\framework\\src\\Illuminate\\Foundation\\Application.php(911): array_walk(Array, Object(Closure))
#23 C:\\Users\\nayee\\OneDrive\\Desktop\\project\\lms-camp\\vendor\\laravel\\framework\\src\\Illuminate\\Foundation\\Bootstrap\\BootProviders.php(17): Illuminate\\Foundation\\Application->boot()
#24 C:\\Users\\nayee\\OneDrive\\Desktop\\project\\lms-camp\\vendor\\laravel\\framework\\src\\Illuminate\\Foundation\\Application.php(242): Illuminate\\Foundation\\Bootstrap\\BootProviders->bootstrap(Object(Illuminate\\Foundation\\Application))
#25 C:\\Users\\nayee\\OneDrive\\Desktop\\project\\lms-camp\\vendor\\laravel\\framework\\src\\Illuminate\\Foundation\\Http\\Kernel.php(176): Illuminate\\Foundation\\Application->bootstrapWith(Array)
#26 C:\\Users\\nayee\\OneDrive\\Desktop\\project\\lms-camp\\vendor\\laravel\\framework\\src\\Illuminate\\Foundation\\Http\\Kernel.php(160): Illuminate\\Foundation\\Http\\Kernel->bootstrap()
#27 C:\\Users\\nayee\\OneDrive\\Desktop\\project\\lms-camp\\vendor\\laravel\\framework\\src\\Illuminate\\Foundation\\Http\\Kernel.php(134): Illuminate\\Foundation\\Http\\Kernel->sendRequestThroughRouter(Object(Illuminate\\Http\\Request))
#28 C:\\Users\\nayee\\OneDrive\\Desktop\\project\\lms-camp\\public\\index.php(51): Illuminate\\Foundation\\Http\\Kernel->handle(Object(Illuminate\\Http\\Request))
#29 C:\\Program Files\\Herd\\resources\\app.asar.unpacked\\resources\\valet\\server.php(139): require('C:\\\\Users\\\\nayee\\\\...')
#30 {main}

[previous exception] [object] (PDOException(code: 3D000): SQLSTATE[3D000]: Invalid catalog name: 1046 No database selected at C:\\Users\\nayee\\OneDrive\\Desktop\\project\\lms-camp\\vendor\\laravel\\framework\\src\\Illuminate\\Database\\Connection.php:414)
[stacktrace]
#0 C:\\Users\\nayee\\OneDrive\\Desktop\\project\\lms-camp\\vendor\\laravel\\framework\\src\\Illuminate\\Database\\Connection.php(414): PDO->prepare('select * from `...')
#1 C:\\Users\\nayee\\OneDrive\\Desktop\\project\\lms-camp\\vendor\\laravel\\framework\\src\\Illuminate\\Database\\Connection.php(753): Illuminate\\Database\\Connection->Illuminate\\Database\\{closure}('select * from `...', Array)
#2 C:\\Users\\nayee\\OneDrive\\Desktop\\project\\lms-camp\\vendor\\laravel\\framework\\src\\Illuminate\\Database\\Connection.php(720): Illuminate\\Database\\Connection->runQueryCallback('select * from `...', Array, Object(Closure))
#3 C:\\Users\\nayee\\OneDrive\\Desktop\\project\\lms-camp\\vendor\\laravel\\framework\\src\\Illuminate\\Database\\Connection.php(405): Illuminate\\Database\\Connection->run('select * from `...', Array, Object(Closure))
#4 C:\\Users\\nayee\\OneDrive\\Desktop\\project\\lms-camp\\vendor\\laravel\\framework\\src\\Illuminate\\Database\\Query\\Builder.php(2705): Illuminate\\Database\\Connection->select('select * from `...', Array, true)
#5 C:\\Users\\nayee\\OneDrive\\Desktop\\project\\lms-camp\\vendor\\laravel\\framework\\src\\Illuminate\\Database\\Query\\Builder.php(2694): Illuminate\\Database\\Query\\Builder->runSelect()
#6 C:\\Users\\nayee\\OneDrive\\Desktop\\project\\lms-camp\\vendor\\laravel\\framework\\src\\Illuminate\\Database\\Query\\Builder.php(3230): Illuminate\\Database\\Query\\Builder->Illuminate\\Database\\Query\\{closure}()
#7 C:\\Users\\nayee\\OneDrive\\Desktop\\project\\lms-camp\\vendor\\laravel\\framework\\src\\Illuminate\\Database\\Query\\Builder.php(2693): Illuminate\\Database\\Query\\Builder->onceWithColumns(Array, Object(Closure))
#8 C:\\Users\\nayee\\OneDrive\\Desktop\\project\\lms-camp\\vendor\\laravel\\framework\\src\\Illuminate\\Database\\Eloquent\\Builder.php(710): Illuminate\\Database\\Query\\Builder->get(Array)
#9 C:\\Users\\nayee\\OneDrive\\Desktop\\project\\lms-camp\\vendor\\laravel\\framework\\src\\Illuminate\\Database\\Eloquent\\Builder.php(694): Illuminate\\Database\\Eloquent\\Builder->getModels(Array)
#10 C:\\Users\\nayee\\OneDrive\\Desktop\\project\\lms-camp\\vendor\\laravel\\framework\\src\\Illuminate\\Database\\Eloquent\\Model.php(673): Illuminate\\Database\\Eloquent\\Builder->get(Array)
#11 C:\\Users\\nayee\\OneDrive\\Desktop\\project\\lms-camp\\app\\Providers\\AuthServiceProvider.php(42): Illuminate\\Database\\Eloquent\\Model::all()
#12 C:\\Users\\nayee\\OneDrive\\Desktop\\project\\lms-camp\\vendor\\laravel\\framework\\src\\Illuminate\\Cache\\Repository.php(397): App\\Providers\\AuthServiceProvider->App\\Providers\\{closure}()
#13 C:\\Users\\nayee\\OneDrive\\Desktop\\project\\lms-camp\\vendor\\laravel\\framework\\src\\Illuminate\\Cache\\CacheManager.php(408): Illuminate\\Cache\\Repository->remember('sections', 3600, Object(Closure))
#14 C:\\Users\\nayee\\OneDrive\\Desktop\\project\\lms-camp\\vendor\\laravel\\framework\\src\\Illuminate\\Support\\Facades\\Facade.php(338): Illuminate\\Cache\\CacheManager->__call('remember', Array)
#15 C:\\Users\\nayee\\OneDrive\\Desktop\\project\\lms-camp\\app\\Providers\\AuthServiceProvider.php(41): Illuminate\\Support\\Facades\\Facade::__callStatic('remember', Array)
#16 C:\\Users\\nayee\\OneDrive\\Desktop\\project\\lms-camp\\vendor\\laravel\\framework\\src\\Illuminate\\Container\\BoundMethod.php(36): App\\Providers\\AuthServiceProvider->boot()
#17 C:\\Users\\nayee\\OneDrive\\Desktop\\project\\lms-camp\\vendor\\laravel\\framework\\src\\Illuminate\\Container\\Util.php(41): Illuminate\\Container\\BoundMethod::Illuminate\\Container\\{closure}()
#18 C:\\Users\\nayee\\OneDrive\\Desktop\\project\\lms-camp\\vendor\\laravel\\framework\\src\\Illuminate\\Container\\BoundMethod.php(93): Illuminate\\Container\\Util::unwrapIfClosure(Object(Closure))
#19 C:\\Users\\nayee\\OneDrive\\Desktop\\project\\lms-camp\\vendor\\laravel\\framework\\src\\Illuminate\\Container\\BoundMethod.php(35): Illuminate\\Container\\BoundMethod::callBoundMethod(Object(Illuminate\\Foundation\\Application), Array, Object(Closure))
#20 C:\\Users\\nayee\\OneDrive\\Desktop\\project\\lms-camp\\vendor\\laravel\\framework\\src\\Illuminate\\Container\\Container.php(661): Illuminate\\Container\\BoundMethod::call(Object(Illuminate\\Foundation\\Application), Array, Array, NULL)
#21 C:\\Users\\nayee\\OneDrive\\Desktop\\project\\lms-camp\\vendor\\laravel\\framework\\src\\Illuminate\\Foundation\\Application.php(931): Illuminate\\Container\\Container->call(Array)
#22 C:\\Users\\nayee\\OneDrive\\Desktop\\project\\lms-camp\\vendor\\laravel\\framework\\src\\Illuminate\\Foundation\\Application.php(912): Illuminate\\Foundation\\Application->bootProvider(Object(App\\Providers\\AuthServiceProvider))
#23 [internal function]: Illuminate\\Foundation\\Application->Illuminate\\Foundation\\{closure}(Object(App\\Providers\\AuthServiceProvider), 65)
#24 C:\\Users\\nayee\\OneDrive\\Desktop\\project\\lms-camp\\vendor\\laravel\\framework\\src\\Illuminate\\Foundation\\Application.php(911): array_walk(Array, Object(Closure))
#25 C:\\Users\\nayee\\OneDrive\\Desktop\\project\\lms-camp\\vendor\\laravel\\framework\\src\\Illuminate\\Foundation\\Bootstrap\\BootProviders.php(17): Illuminate\\Foundation\\Application->boot()
#26 C:\\Users\\nayee\\OneDrive\\Desktop\\project\\lms-camp\\vendor\\laravel\\framework\\src\\Illuminate\\Foundation\\Application.php(242): Illuminate\\Foundation\\Bootstrap\\BootProviders->bootstrap(Object(Illuminate\\Foundation\\Application))
#27 C:\\Users\\nayee\\OneDrive\\Desktop\\project\\lms-camp\\vendor\\laravel\\framework\\src\\Illuminate\\Foundation\\Http\\Kernel.php(176): Illuminate\\Foundation\\Application->bootstrapWith(Array)
#28 C:\\Users\\nayee\\OneDrive\\Desktop\\project\\lms-camp\\vendor\\laravel\\framework\\src\\Illuminate\\Foundation\\Http\\Kernel.php(160): Illuminate\\Foundation\\Http\\Kernel->bootstrap()
#29 C:\\Users\\nayee\\OneDrive\\Desktop\\project\\lms-camp\\vendor\\laravel\\framework\\src\\Illuminate\\Foundation\\Http\\Kernel.php(134): Illuminate\\Foundation\\Http\\Kernel->sendRequestThroughRouter(Object(Illuminate\\Http\\Request))
#30 C:\\Users\\nayee\\OneDrive\\Desktop\\project\\lms-camp\\public\\index.php(51): Illuminate\\Foundation\\Http\\Kernel->handle(Object(Illuminate\\Http\\Request))
#31 C:\\Program Files\\Herd\\resources\\app.asar.unpacked\\resources\\valet\\server.php(139): require('C:\\\\Users\\\\nayee\\\\...')
#32 {main}
"} 
[2025-04-23 05:09:00] production.ERROR: SQLSTATE[3D000]: Invalid catalog name: 1046 No database selected (SQL: select * from `sections`) {"exception":"[object] (Illuminate\\Database\\QueryException(code: 3D000): SQLSTATE[3D000]: Invalid catalog name: 1046 No database selected (SQL: select * from `sections`) at C:\\Users\\nayee\\OneDrive\\Desktop\\project\\lms-camp\\vendor\\laravel\\framework\\src\\Illuminate\\Database\\Connection.php:760)
[stacktrace]
#0 C:\\Users\\nayee\\OneDrive\\Desktop\\project\\lms-camp\\vendor\\laravel\\framework\\src\\Illuminate\\Database\\Connection.php(720): Illuminate\\Database\\Connection->runQueryCallback('select * from `...', Array, Object(Closure))
#1 C:\\Users\\nayee\\OneDrive\\Desktop\\project\\lms-camp\\vendor\\laravel\\framework\\src\\Illuminate\\Database\\Connection.php(405): Illuminate\\Database\\Connection->run('select * from `...', Array, Object(Closure))
#2 C:\\Users\\nayee\\OneDrive\\Desktop\\project\\lms-camp\\vendor\\laravel\\framework\\src\\Illuminate\\Database\\Query\\Builder.php(2705): Illuminate\\Database\\Connection->select('select * from `...', Array, true)
#3 C:\\Users\\nayee\\OneDrive\\Desktop\\project\\lms-camp\\vendor\\laravel\\framework\\src\\Illuminate\\Database\\Query\\Builder.php(2694): Illuminate\\Database\\Query\\Builder->runSelect()
#4 C:\\Users\\nayee\\OneDrive\\Desktop\\project\\lms-camp\\vendor\\laravel\\framework\\src\\Illuminate\\Database\\Query\\Builder.php(3230): Illuminate\\Database\\Query\\Builder->Illuminate\\Database\\Query\\{closure}()
#5 C:\\Users\\nayee\\OneDrive\\Desktop\\project\\lms-camp\\vendor\\laravel\\framework\\src\\Illuminate\\Database\\Query\\Builder.php(2693): Illuminate\\Database\\Query\\Builder->onceWithColumns(Array, Object(Closure))
#6 C:\\Users\\nayee\\OneDrive\\Desktop\\project\\lms-camp\\vendor\\laravel\\framework\\src\\Illuminate\\Database\\Eloquent\\Builder.php(710): Illuminate\\Database\\Query\\Builder->get(Array)
#7 C:\\Users\\nayee\\OneDrive\\Desktop\\project\\lms-camp\\vendor\\laravel\\framework\\src\\Illuminate\\Database\\Eloquent\\Builder.php(694): Illuminate\\Database\\Eloquent\\Builder->getModels(Array)
#8 C:\\Users\\nayee\\OneDrive\\Desktop\\project\\lms-camp\\vendor\\laravel\\framework\\src\\Illuminate\\Database\\Eloquent\\Model.php(673): Illuminate\\Database\\Eloquent\\Builder->get(Array)
#9 C:\\Users\\nayee\\OneDrive\\Desktop\\project\\lms-camp\\app\\Providers\\AuthServiceProvider.php(42): Illuminate\\Database\\Eloquent\\Model::all()
#10 C:\\Users\\nayee\\OneDrive\\Desktop\\project\\lms-camp\\vendor\\laravel\\framework\\src\\Illuminate\\Cache\\Repository.php(397): App\\Providers\\AuthServiceProvider->App\\Providers\\{closure}()
#11 C:\\Users\\nayee\\OneDrive\\Desktop\\project\\lms-camp\\vendor\\laravel\\framework\\src\\Illuminate\\Cache\\CacheManager.php(408): Illuminate\\Cache\\Repository->remember('sections', 3600, Object(Closure))
#12 C:\\Users\\nayee\\OneDrive\\Desktop\\project\\lms-camp\\vendor\\laravel\\framework\\src\\Illuminate\\Support\\Facades\\Facade.php(338): Illuminate\\Cache\\CacheManager->__call('remember', Array)
#13 C:\\Users\\nayee\\OneDrive\\Desktop\\project\\lms-camp\\app\\Providers\\AuthServiceProvider.php(41): Illuminate\\Support\\Facades\\Facade::__callStatic('remember', Array)
#14 C:\\Users\\nayee\\OneDrive\\Desktop\\project\\lms-camp\\vendor\\laravel\\framework\\src\\Illuminate\\Container\\BoundMethod.php(36): App\\Providers\\AuthServiceProvider->boot()
#15 C:\\Users\\nayee\\OneDrive\\Desktop\\project\\lms-camp\\vendor\\laravel\\framework\\src\\Illuminate\\Container\\Util.php(41): Illuminate\\Container\\BoundMethod::Illuminate\\Container\\{closure}()
#16 C:\\Users\\nayee\\OneDrive\\Desktop\\project\\lms-camp\\vendor\\laravel\\framework\\src\\Illuminate\\Container\\BoundMethod.php(93): Illuminate\\Container\\Util::unwrapIfClosure(Object(Closure))
#17 C:\\Users\\nayee\\OneDrive\\Desktop\\project\\lms-camp\\vendor\\laravel\\framework\\src\\Illuminate\\Container\\BoundMethod.php(35): Illuminate\\Container\\BoundMethod::callBoundMethod(Object(Illuminate\\Foundation\\Application), Array, Object(Closure))
#18 C:\\Users\\nayee\\OneDrive\\Desktop\\project\\lms-camp\\vendor\\laravel\\framework\\src\\Illuminate\\Container\\Container.php(661): Illuminate\\Container\\BoundMethod::call(Object(Illuminate\\Foundation\\Application), Array, Array, NULL)
#19 C:\\Users\\nayee\\OneDrive\\Desktop\\project\\lms-camp\\vendor\\laravel\\framework\\src\\Illuminate\\Foundation\\Application.php(931): Illuminate\\Container\\Container->call(Array)
#20 C:\\Users\\nayee\\OneDrive\\Desktop\\project\\lms-camp\\vendor\\laravel\\framework\\src\\Illuminate\\Foundation\\Application.php(912): Illuminate\\Foundation\\Application->bootProvider(Object(App\\Providers\\AuthServiceProvider))
#21 [internal function]: Illuminate\\Foundation\\Application->Illuminate\\Foundation\\{closure}(Object(App\\Providers\\AuthServiceProvider), 65)
#22 C:\\Users\\nayee\\OneDrive\\Desktop\\project\\lms-camp\\vendor\\laravel\\framework\\src\\Illuminate\\Foundation\\Application.php(911): array_walk(Array, Object(Closure))
#23 C:\\Users\\nayee\\OneDrive\\Desktop\\project\\lms-camp\\vendor\\laravel\\framework\\src\\Illuminate\\Foundation\\Bootstrap\\BootProviders.php(17): Illuminate\\Foundation\\Application->boot()
#24 C:\\Users\\nayee\\OneDrive\\Desktop\\project\\lms-camp\\vendor\\laravel\\framework\\src\\Illuminate\\Foundation\\Application.php(242): Illuminate\\Foundation\\Bootstrap\\BootProviders->bootstrap(Object(Illuminate\\Foundation\\Application))
#25 C:\\Users\\nayee\\OneDrive\\Desktop\\project\\lms-camp\\vendor\\laravel\\framework\\src\\Illuminate\\Foundation\\Http\\Kernel.php(176): Illuminate\\Foundation\\Application->bootstrapWith(Array)
#26 C:\\Users\\nayee\\OneDrive\\Desktop\\project\\lms-camp\\vendor\\laravel\\framework\\src\\Illuminate\\Foundation\\Http\\Kernel.php(160): Illuminate\\Foundation\\Http\\Kernel->bootstrap()
#27 C:\\Users\\nayee\\OneDrive\\Desktop\\project\\lms-camp\\vendor\\laravel\\framework\\src\\Illuminate\\Foundation\\Http\\Kernel.php(134): Illuminate\\Foundation\\Http\\Kernel->sendRequestThroughRouter(Object(Illuminate\\Http\\Request))
#28 C:\\Users\\nayee\\OneDrive\\Desktop\\project\\lms-camp\\public\\index.php(51): Illuminate\\Foundation\\Http\\Kernel->handle(Object(Illuminate\\Http\\Request))
#29 C:\\Program Files\\Herd\\resources\\app.asar.unpacked\\resources\\valet\\server.php(139): require('C:\\\\Users\\\\nayee\\\\...')
#30 {main}

[previous exception] [object] (PDOException(code: 3D000): SQLSTATE[3D000]: Invalid catalog name: 1046 No database selected at C:\\Users\\nayee\\OneDrive\\Desktop\\project\\lms-camp\\vendor\\laravel\\framework\\src\\Illuminate\\Database\\Connection.php:414)
[stacktrace]
#0 C:\\Users\\nayee\\OneDrive\\Desktop\\project\\lms-camp\\vendor\\laravel\\framework\\src\\Illuminate\\Database\\Connection.php(414): PDO->prepare('select * from `...')
#1 C:\\Users\\nayee\\OneDrive\\Desktop\\project\\lms-camp\\vendor\\laravel\\framework\\src\\Illuminate\\Database\\Connection.php(753): Illuminate\\Database\\Connection->Illuminate\\Database\\{closure}('select * from `...', Array)
#2 C:\\Users\\nayee\\OneDrive\\Desktop\\project\\lms-camp\\vendor\\laravel\\framework\\src\\Illuminate\\Database\\Connection.php(720): Illuminate\\Database\\Connection->runQueryCallback('select * from `...', Array, Object(Closure))
#3 C:\\Users\\nayee\\OneDrive\\Desktop\\project\\lms-camp\\vendor\\laravel\\framework\\src\\Illuminate\\Database\\Connection.php(405): Illuminate\\Database\\Connection->run('select * from `...', Array, Object(Closure))
#4 C:\\Users\\nayee\\OneDrive\\Desktop\\project\\lms-camp\\vendor\\laravel\\framework\\src\\Illuminate\\Database\\Query\\Builder.php(2705): Illuminate\\Database\\Connection->select('select * from `...', Array, true)
#5 C:\\Users\\nayee\\OneDrive\\Desktop\\project\\lms-camp\\vendor\\laravel\\framework\\src\\Illuminate\\Database\\Query\\Builder.php(2694): Illuminate\\Database\\Query\\Builder->runSelect()
#6 C:\\Users\\nayee\\OneDrive\\Desktop\\project\\lms-camp\\vendor\\laravel\\framework\\src\\Illuminate\\Database\\Query\\Builder.php(3230): Illuminate\\Database\\Query\\Builder->Illuminate\\Database\\Query\\{closure}()
#7 C:\\Users\\nayee\\OneDrive\\Desktop\\project\\lms-camp\\vendor\\laravel\\framework\\src\\Illuminate\\Database\\Query\\Builder.php(2693): Illuminate\\Database\\Query\\Builder->onceWithColumns(Array, Object(Closure))
#8 C:\\Users\\nayee\\OneDrive\\Desktop\\project\\lms-camp\\vendor\\laravel\\framework\\src\\Illuminate\\Database\\Eloquent\\Builder.php(710): Illuminate\\Database\\Query\\Builder->get(Array)
#9 C:\\Users\\nayee\\OneDrive\\Desktop\\project\\lms-camp\\vendor\\laravel\\framework\\src\\Illuminate\\Database\\Eloquent\\Builder.php(694): Illuminate\\Database\\Eloquent\\Builder->getModels(Array)
#10 C:\\Users\\nayee\\OneDrive\\Desktop\\project\\lms-camp\\vendor\\laravel\\framework\\src\\Illuminate\\Database\\Eloquent\\Model.php(673): Illuminate\\Database\\Eloquent\\Builder->get(Array)
#11 C:\\Users\\nayee\\OneDrive\\Desktop\\project\\lms-camp\\app\\Providers\\AuthServiceProvider.php(42): Illuminate\\Database\\Eloquent\\Model::all()
#12 C:\\Users\\nayee\\OneDrive\\Desktop\\project\\lms-camp\\vendor\\laravel\\framework\\src\\Illuminate\\Cache\\Repository.php(397): App\\Providers\\AuthServiceProvider->App\\Providers\\{closure}()
#13 C:\\Users\\nayee\\OneDrive\\Desktop\\project\\lms-camp\\vendor\\laravel\\framework\\src\\Illuminate\\Cache\\CacheManager.php(408): Illuminate\\Cache\\Repository->remember('sections', 3600, Object(Closure))
#14 C:\\Users\\nayee\\OneDrive\\Desktop\\project\\lms-camp\\vendor\\laravel\\framework\\src\\Illuminate\\Support\\Facades\\Facade.php(338): Illuminate\\Cache\\CacheManager->__call('remember', Array)
#15 C:\\Users\\nayee\\OneDrive\\Desktop\\project\\lms-camp\\app\\Providers\\AuthServiceProvider.php(41): Illuminate\\Support\\Facades\\Facade::__callStatic('remember', Array)
#16 C:\\Users\\nayee\\OneDrive\\Desktop\\project\\lms-camp\\vendor\\laravel\\framework\\src\\Illuminate\\Container\\BoundMethod.php(36): App\\Providers\\AuthServiceProvider->boot()
#17 C:\\Users\\nayee\\OneDrive\\Desktop\\project\\lms-camp\\vendor\\laravel\\framework\\src\\Illuminate\\Container\\Util.php(41): Illuminate\\Container\\BoundMethod::Illuminate\\Container\\{closure}()
#18 C:\\Users\\nayee\\OneDrive\\Desktop\\project\\lms-camp\\vendor\\laravel\\framework\\src\\Illuminate\\Container\\BoundMethod.php(93): Illuminate\\Container\\Util::unwrapIfClosure(Object(Closure))
#19 C:\\Users\\nayee\\OneDrive\\Desktop\\project\\lms-camp\\vendor\\laravel\\framework\\src\\Illuminate\\Container\\BoundMethod.php(35): Illuminate\\Container\\BoundMethod::callBoundMethod(Object(Illuminate\\Foundation\\Application), Array, Object(Closure))
#20 C:\\Users\\nayee\\OneDrive\\Desktop\\project\\lms-camp\\vendor\\laravel\\framework\\src\\Illuminate\\Container\\Container.php(661): Illuminate\\Container\\BoundMethod::call(Object(Illuminate\\Foundation\\Application), Array, Array, NULL)
#21 C:\\Users\\nayee\\OneDrive\\Desktop\\project\\lms-camp\\vendor\\laravel\\framework\\src\\Illuminate\\Foundation\\Application.php(931): Illuminate\\Container\\Container->call(Array)
#22 C:\\Users\\nayee\\OneDrive\\Desktop\\project\\lms-camp\\vendor\\laravel\\framework\\src\\Illuminate\\Foundation\\Application.php(912): Illuminate\\Foundation\\Application->bootProvider(Object(App\\Providers\\AuthServiceProvider))
#23 [internal function]: Illuminate\\Foundation\\Application->Illuminate\\Foundation\\{closure}(Object(App\\Providers\\AuthServiceProvider), 65)
#24 C:\\Users\\nayee\\OneDrive\\Desktop\\project\\lms-camp\\vendor\\laravel\\framework\\src\\Illuminate\\Foundation\\Application.php(911): array_walk(Array, Object(Closure))
#25 C:\\Users\\nayee\\OneDrive\\Desktop\\project\\lms-camp\\vendor\\laravel\\framework\\src\\Illuminate\\Foundation\\Bootstrap\\BootProviders.php(17): Illuminate\\Foundation\\Application->boot()
#26 C:\\Users\\nayee\\OneDrive\\Desktop\\project\\lms-camp\\vendor\\laravel\\framework\\src\\Illuminate\\Foundation\\Application.php(242): Illuminate\\Foundation\\Bootstrap\\BootProviders->bootstrap(Object(Illuminate\\Foundation\\Application))
#27 C:\\Users\\nayee\\OneDrive\\Desktop\\project\\lms-camp\\vendor\\laravel\\framework\\src\\Illuminate\\Foundation\\Http\\Kernel.php(176): Illuminate\\Foundation\\Application->bootstrapWith(Array)
#28 C:\\Users\\nayee\\OneDrive\\Desktop\\project\\lms-camp\\vendor\\laravel\\framework\\src\\Illuminate\\Foundation\\Http\\Kernel.php(160): Illuminate\\Foundation\\Http\\Kernel->bootstrap()
#29 C:\\Users\\nayee\\OneDrive\\Desktop\\project\\lms-camp\\vendor\\laravel\\framework\\src\\Illuminate\\Foundation\\Http\\Kernel.php(134): Illuminate\\Foundation\\Http\\Kernel->sendRequestThroughRouter(Object(Illuminate\\Http\\Request))
#30 C:\\Users\\nayee\\OneDrive\\Desktop\\project\\lms-camp\\public\\index.php(51): Illuminate\\Foundation\\Http\\Kernel->handle(Object(Illuminate\\Http\\Request))
#31 C:\\Program Files\\Herd\\resources\\app.asar.unpacked\\resources\\valet\\server.php(139): require('C:\\\\Users\\\\nayee\\\\...')
#32 {main}
"} 
